rand_val = 1.000, time taken: 2325.926 ms
sum = 6883200.0 in rank 200, wait time (overlap): 488.854 ms, actual reduce time (no overlap): 480.662 ms, total time: 3480.071 ms
sum = 6883200.0 in rank 136, wait time (overlap): 492.410 ms, actual reduce time (no overlap): 481.353 ms, total time: 3481.680 ms
sum = 6883200.0 in rank  72, wait time (overlap): 457.308 ms, actual reduce time (no overlap): 483.225 ms, total time: 3483.570 ms
sum = 6883200.0 in rank 201, wait time (overlap): 490.993 ms, actual reduce time (no overlap): 483.516 ms, total time: 3482.911 ms
sum = 6883200.0 in rank 137, wait time (overlap): 483.742 ms, actual reduce time (no overlap): 484.255 ms, total time: 3484.579 ms
sum = 6883200.0 in rank   8, wait time (overlap): 474.312 ms, actual reduce time (no overlap): 484.477 ms, total time: 3483.696 ms
sum = 6883200.0 in rank  73, wait time (overlap): 490.004 ms, actual reduce time (no overlap): 486.083 ms, total time: 3486.390 ms
sum = 6883200.0 in rank   9, wait time (overlap): 493.867 ms, actual reduce time (no overlap): 487.255 ms, total time: 3486.459 ms
sum = 6883200.0 in rank  32, wait time (overlap): 613.979 ms, actual reduce time (no overlap): 513.295 ms, total time: 3512.525 ms
sum = 6883200.0 in rank 160, wait time (overlap): 614.266 ms, actual reduce time (no overlap): 515.827 ms, total time: 3515.078 ms
sum = 6883200.0 in rank  33, wait time (overlap): 616.301 ms, actual reduce time (no overlap): 516.289 ms, total time: 3515.520 ms
sum = 6883200.0 in rank 161, wait time (overlap): 617.335 ms, actual reduce time (no overlap): 518.698 ms, total time: 3517.949 ms
sum = 6883200.0 in rank 228, wait time (overlap): 537.587 ms, actual reduce time (no overlap): 519.595 ms, total time: 3519.875 ms
sum = 6883200.0 in rank 224, wait time (overlap): 627.499 ms, actual reduce time (no overlap): 525.563 ms, total time: 3525.864 ms
sum = 6883200.0 in rank 104, wait time (overlap): 554.358 ms, actual reduce time (no overlap): 528.171 ms, total time: 3527.546 ms
sum = 6883200.0 in rank 105, wait time (overlap): 555.739 ms, actual reduce time (no overlap): 531.058 ms, total time: 3530.418 ms
sum = 6883200.0 in rank 225, wait time (overlap): 641.310 ms, actual reduce time (no overlap): 538.481 ms, total time: 3538.780 ms
sum = 6883200.0 in rank  40, wait time (overlap): 567.153 ms, actual reduce time (no overlap): 539.969 ms, total time: 3539.187 ms
sum = 6883200.0 in rank  96, wait time (overlap): 652.622 ms, actual reduce time (no overlap): 541.317 ms, total time: 3540.717 ms
sum = 6883200.0 in rank 168, wait time (overlap): 562.082 ms, actual reduce time (no overlap): 542.698 ms, total time: 3543.049 ms
sum = 6883200.0 in rank  41, wait time (overlap): 570.105 ms, actual reduce time (no overlap): 542.818 ms, total time: 3542.073 ms
sum = 6883200.0 in rank  97, wait time (overlap): 658.914 ms, actual reduce time (no overlap): 544.182 ms, total time: 3543.565 ms
sum = 6883200.0 in rank 169, wait time (overlap): 569.171 ms, actual reduce time (no overlap): 545.607 ms, total time: 3545.927 ms
sum = 6883200.0 in rank  74, wait time (overlap): 491.521 ms, actual reduce time (no overlap): 549.217 ms, total time: 3549.518 ms
sum = 6883200.0 in rank 202, wait time (overlap): 492.325 ms, actual reduce time (no overlap): 551.289 ms, total time: 3550.693 ms
sum = 6883200.0 in rank  75, wait time (overlap): 492.421 ms, actual reduce time (no overlap): 552.096 ms, total time: 3552.400 ms
sum = 6883200.0 in rank 138, wait time (overlap): 494.417 ms, actual reduce time (no overlap): 553.344 ms, total time: 3553.665 ms
sum = 6883200.0 in rank  10, wait time (overlap): 494.598 ms, actual reduce time (no overlap): 553.613 ms, total time: 3552.816 ms
sum = 6883200.0 in rank  68, wait time (overlap): 550.345 ms, actual reduce time (no overlap): 553.609 ms, total time: 3553.919 ms
sum = 6883200.0 in rank  70, wait time (overlap): 551.208 ms, actual reduce time (no overlap): 553.685 ms, total time: 3554.012 ms
sum = 6883200.0 in rank  64, wait time (overlap): 548.326 ms, actual reduce time (no overlap): 553.924 ms, total time: 3554.243 ms
sum = 6883200.0 in rank  98, wait time (overlap): 655.475 ms, actual reduce time (no overlap): 553.942 ms, total time: 3553.313 ms
sum = 6883200.0 in rank 203, wait time (overlap): 492.567 ms, actual reduce time (no overlap): 554.162 ms, total time: 3553.567 ms
sum = 6883200.0 in rank  14, wait time (overlap): 519.060 ms, actual reduce time (no overlap): 554.646 ms, total time: 3553.843 ms
sum = 6883200.0 in rank 192, wait time (overlap): 545.309 ms, actual reduce time (no overlap): 554.684 ms, total time: 3554.106 ms
sum = 6883200.0 in rank  66, wait time (overlap): 550.091 ms, actual reduce time (no overlap): 554.781 ms, total time: 3555.104 ms
sum = 6883200.0 in rank  12, wait time (overlap): 528.351 ms, actual reduce time (no overlap): 554.832 ms, total time: 3554.029 ms
sum = 6883200.0 in rank 198, wait time (overlap): 548.849 ms, actual reduce time (no overlap): 554.879 ms, total time: 3554.277 ms
sum = 6883200.0 in rank 196, wait time (overlap): 549.810 ms, actual reduce time (no overlap): 554.909 ms, total time: 3554.315 ms
sum = 6883200.0 in rank 194, wait time (overlap): 548.643 ms, actual reduce time (no overlap): 555.689 ms, total time: 3555.108 ms
sum = 6883200.0 in rank 204, wait time (overlap): 520.406 ms, actual reduce time (no overlap): 555.967 ms, total time: 3555.367 ms
sum = 6883200.0 in rank 142, wait time (overlap): 535.952 ms, actual reduce time (no overlap): 555.999 ms, total time: 3556.325 ms
sum = 6883200.0 in rank 140, wait time (overlap): 530.885 ms, actual reduce time (no overlap): 556.109 ms, total time: 3556.440 ms
sum = 6883200.0 in rank 139, wait time (overlap): 497.409 ms, actual reduce time (no overlap): 556.311 ms, total time: 3556.641 ms
sum = 6883200.0 in rank 206, wait time (overlap): 527.288 ms, actual reduce time (no overlap): 556.342 ms, total time: 3555.751 ms
sum = 6883200.0 in rank  11, wait time (overlap): 497.260 ms, actual reduce time (no overlap): 556.514 ms, total time: 3555.715 ms
sum = 6883200.0 in rank  76, wait time (overlap): 521.216 ms, actual reduce time (no overlap): 556.585 ms, total time: 3556.910 ms
sum = 6883200.0 in rank  69, wait time (overlap): 542.714 ms, actual reduce time (no overlap): 556.665 ms, total time: 3556.976 ms
sum = 6883200.0 in rank  71, wait time (overlap): 553.429 ms, actual reduce time (no overlap): 556.741 ms, total time: 3557.058 ms
sum = 6883200.0 in rank  99, wait time (overlap): 659.339 ms, actual reduce time (no overlap): 556.792 ms, total time: 3556.190 ms
sum = 6883200.0 in rank  78, wait time (overlap): 528.540 ms, actual reduce time (no overlap): 556.840 ms, total time: 3557.151 ms
sum = 6883200.0 in rank  65, wait time (overlap): 551.971 ms, actual reduce time (no overlap): 556.923 ms, total time: 3557.226 ms
sum = 6883200.0 in rank 128, wait time (overlap): 545.756 ms, actual reduce time (no overlap): 557.144 ms, total time: 3557.462 ms
sum = 6883200.0 in rank 130, wait time (overlap): 545.917 ms, actual reduce time (no overlap): 557.281 ms, total time: 3557.613 ms
sum = 6883200.0 in rank 193, wait time (overlap): 550.764 ms, actual reduce time (no overlap): 557.551 ms, total time: 3556.972 ms
sum = 6883200.0 in rank  15, wait time (overlap): 536.658 ms, actual reduce time (no overlap): 557.590 ms, total time: 3556.776 ms
sum = 6883200.0 in rank  67, wait time (overlap): 553.251 ms, actual reduce time (no overlap): 557.733 ms, total time: 3558.042 ms
sum = 6883200.0 in rank  13, wait time (overlap): 532.717 ms, actual reduce time (no overlap): 557.773 ms, total time: 3556.958 ms
sum = 6883200.0 in rank 199, wait time (overlap): 552.595 ms, actual reduce time (no overlap): 557.863 ms, total time: 3557.274 ms
sum = 6883200.0 in rank 197, wait time (overlap): 552.696 ms, actual reduce time (no overlap): 557.931 ms, total time: 3557.346 ms
sum = 6883200.0 in rank 195, wait time (overlap): 551.304 ms, actual reduce time (no overlap): 558.571 ms, total time: 3557.977 ms
sum = 6883200.0 in rank 205, wait time (overlap): 509.462 ms, actual reduce time (no overlap): 558.833 ms, total time: 3558.225 ms
sum = 6883200.0 in rank 143, wait time (overlap): 538.550 ms, actual reduce time (no overlap): 559.005 ms, total time: 3559.314 ms
sum = 6883200.0 in rank 141, wait time (overlap): 530.626 ms, actual reduce time (no overlap): 559.099 ms, total time: 3559.416 ms
sum = 6883200.0 in rank 207, wait time (overlap): 529.144 ms, actual reduce time (no overlap): 559.219 ms, total time: 3558.600 ms
sum = 6883200.0 in rank 134, wait time (overlap): 538.623 ms, actual reduce time (no overlap): 559.286 ms, total time: 3559.616 ms
sum = 6883200.0 in rank  77, wait time (overlap): 525.034 ms, actual reduce time (no overlap): 559.428 ms, total time: 3559.749 ms
sum = 6883200.0 in rank 132, wait time (overlap): 543.927 ms, actual reduce time (no overlap): 559.658 ms, total time: 3559.976 ms
sum = 6883200.0 in rank  79, wait time (overlap): 531.090 ms, actual reduce time (no overlap): 559.702 ms, total time: 3560.008 ms
sum = 6883200.0 in rank 129, wait time (overlap): 547.409 ms, actual reduce time (no overlap): 560.046 ms, total time: 3560.354 ms
sum = 6883200.0 in rank   0, wait time (overlap): 519.793 ms, actual reduce time (no overlap): 560.126 ms, total time: 3559.345 ms
sum = 6883200.0 in rank 131, wait time (overlap): 546.802 ms, actual reduce time (no overlap): 560.198 ms, total time: 3560.505 ms
sum = 6883200.0 in rank   2, wait time (overlap): 545.859 ms, actual reduce time (no overlap): 560.352 ms, total time: 3559.559 ms
sum = 6883200.0 in rank   4, wait time (overlap): 546.847 ms, actual reduce time (no overlap): 560.338 ms, total time: 3559.547 ms
sum = 6883200.0 in rank   6, wait time (overlap): 544.232 ms, actual reduce time (no overlap): 560.412 ms, total time: 3559.629 ms
sum = 6883200.0 in rank 135, wait time (overlap): 548.297 ms, actual reduce time (no overlap): 562.163 ms, total time: 3562.492 ms
sum = 6883200.0 in rank 133, wait time (overlap): 549.117 ms, actual reduce time (no overlap): 562.536 ms, total time: 3562.859 ms
sum = 6883200.0 in rank   1, wait time (overlap): 546.971 ms, actual reduce time (no overlap): 563.027 ms, total time: 3562.223 ms
sum = 6883200.0 in rank   3, wait time (overlap): 533.100 ms, actual reduce time (no overlap): 563.603 ms, total time: 3562.810 ms
sum = 6883200.0 in rank   5, wait time (overlap): 547.686 ms, actual reduce time (no overlap): 563.610 ms, total time: 3562.813 ms
sum = 6883200.0 in rank   7, wait time (overlap): 548.908 ms, actual reduce time (no overlap): 563.687 ms, total time: 3562.876 ms
sum = 6883200.0 in rank 176, wait time (overlap): 603.825 ms, actual reduce time (no overlap): 569.575 ms, total time: 3569.897 ms
sum = 6883200.0 in rank  16, wait time (overlap): 568.080 ms, actual reduce time (no overlap): 569.651 ms, total time: 3568.834 ms
sum = 6883200.0 in rank 144, wait time (overlap): 566.359 ms, actual reduce time (no overlap): 569.634 ms, total time: 3568.894 ms
sum = 6883200.0 in rank  48, wait time (overlap): 603.743 ms, actual reduce time (no overlap): 569.960 ms, total time: 3570.289 ms
sum = 6883200.0 in rank 177, wait time (overlap): 606.559 ms, actual reduce time (no overlap): 572.450 ms, total time: 3572.762 ms
sum = 6883200.0 in rank  17, wait time (overlap): 570.966 ms, actual reduce time (no overlap): 572.560 ms, total time: 3571.744 ms
sum = 6883200.0 in rank 145, wait time (overlap): 570.572 ms, actual reduce time (no overlap): 572.535 ms, total time: 3571.761 ms
sum = 6883200.0 in rank  49, wait time (overlap): 608.569 ms, actual reduce time (no overlap): 572.859 ms, total time: 3573.155 ms
sum = 6883200.0 in rank 162, wait time (overlap): 614.836 ms, actual reduce time (no overlap): 578.037 ms, total time: 3577.277 ms
sum = 6883200.0 in rank  34, wait time (overlap): 614.439 ms, actual reduce time (no overlap): 578.362 ms, total time: 3577.604 ms
sum = 6883200.0 in rank 232, wait time (overlap): 648.056 ms, actual reduce time (no overlap): 579.479 ms, total time: 3579.784 ms
sum = 6883200.0 in rank 163, wait time (overlap): 617.028 ms, actual reduce time (no overlap): 580.936 ms, total time: 3580.185 ms
sum = 6883200.0 in rank  18, wait time (overlap): 563.873 ms, actual reduce time (no overlap): 580.942 ms, total time: 3580.133 ms
sum = 6883200.0 in rank  35, wait time (overlap): 616.766 ms, actual reduce time (no overlap): 581.225 ms, total time: 3580.447 ms
sum = 6883200.0 in rank 146, wait time (overlap): 566.028 ms, actual reduce time (no overlap): 581.576 ms, total time: 3580.805 ms
sum = 6883200.0 in rank  20, wait time (overlap): 591.382 ms, actual reduce time (no overlap): 582.644 ms, total time: 3581.839 ms
sum = 6883200.0 in rank  22, wait time (overlap): 593.096 ms, actual reduce time (no overlap): 583.356 ms, total time: 3582.544 ms
sum = 6883200.0 in rank  19, wait time (overlap): 569.028 ms, actual reduce time (no overlap): 583.863 ms, total time: 3583.045 ms
sum = 6883200.0 in rank 148, wait time (overlap): 592.562 ms, actual reduce time (no overlap): 584.027 ms, total time: 3583.270 ms
sum = 6883200.0 in rank 147, wait time (overlap): 566.428 ms, actual reduce time (no overlap): 584.446 ms, total time: 3583.681 ms
sum = 6883200.0 in rank 150, wait time (overlap): 594.888 ms, actual reduce time (no overlap): 584.697 ms, total time: 3583.926 ms
sum = 6883200.0 in rank  21, wait time (overlap): 594.164 ms, actual reduce time (no overlap): 585.514 ms, total time: 3584.707 ms
sum = 6883200.0 in rank  23, wait time (overlap): 595.286 ms, actual reduce time (no overlap): 586.216 ms, total time: 3585.411 ms
sum = 6883200.0 in rank 149, wait time (overlap): 596.147 ms, actual reduce time (no overlap): 586.907 ms, total time: 3586.133 ms
sum = 6883200.0 in rank  24, wait time (overlap): 599.988 ms, actual reduce time (no overlap): 587.319 ms, total time: 3586.573 ms
sum = 6883200.0 in rank 151, wait time (overlap): 596.361 ms, actual reduce time (no overlap): 587.590 ms, total time: 3586.824 ms
sum = 6883200.0 in rank 184, wait time (overlap): 616.774 ms, actual reduce time (no overlap): 588.345 ms, total time: 3588.679 ms
sum = 6883200.0 in rank  56, wait time (overlap): 614.991 ms, actual reduce time (no overlap): 588.506 ms, total time: 3588.798 ms
sum = 6883200.0 in rank 152, wait time (overlap): 602.548 ms, actual reduce time (no overlap): 588.540 ms, total time: 3587.795 ms
sum = 6883200.0 in rank  80, wait time (overlap): 574.042 ms, actual reduce time (no overlap): 590.088 ms, total time: 3590.404 ms
sum = 6883200.0 in rank  25, wait time (overlap): 605.450 ms, actual reduce time (no overlap): 590.189 ms, total time: 3589.433 ms
sum = 6883200.0 in rank 208, wait time (overlap): 574.131 ms, actual reduce time (no overlap): 591.154 ms, total time: 3590.542 ms
sum = 6883200.0 in rank 185, wait time (overlap): 619.846 ms, actual reduce time (no overlap): 591.298 ms, total time: 3591.605 ms
sum = 6883200.0 in rank 153, wait time (overlap): 605.279 ms, actual reduce time (no overlap): 591.377 ms, total time: 3590.636 ms
sum = 6883200.0 in rank  57, wait time (overlap): 617.981 ms, actual reduce time (no overlap): 591.432 ms, total time: 3591.753 ms
sum = 6883200.0 in rank  81, wait time (overlap): 575.996 ms, actual reduce time (no overlap): 592.951 ms, total time: 3593.261 ms
sum = 6883200.0 in rank 209, wait time (overlap): 577.521 ms, actual reduce time (no overlap): 594.039 ms, total time: 3593.429 ms
sum = 6883200.0 in rank 112, wait time (overlap): 659.954 ms, actual reduce time (no overlap): 594.695 ms, total time: 3594.064 ms
sum = 6883200.0 in rank 113, wait time (overlap): 663.128 ms, actual reduce time (no overlap): 597.594 ms, total time: 3596.978 ms
sum = 6883200.0 in rank 154, wait time (overlap): 570.026 ms, actual reduce time (no overlap): 598.096 ms, total time: 3597.324 ms
sum = 6883200.0 in rank  26, wait time (overlap): 567.513 ms, actual reduce time (no overlap): 598.118 ms, total time: 3597.346 ms
sum = 6883200.0 in rank  82, wait time (overlap): 566.843 ms, actual reduce time (no overlap): 599.980 ms, total time: 3600.284 ms
sum = 6883200.0 in rank  36, wait time (overlap): 608.086 ms, actual reduce time (no overlap): 600.447 ms, total time: 3599.673 ms
sum = 6883200.0 in rank 155, wait time (overlap): 573.130 ms, actual reduce time (no overlap): 600.937 ms, total time: 3600.176 ms
sum = 6883200.0 in rank  27, wait time (overlap): 570.016 ms, actual reduce time (no overlap): 600.990 ms, total time: 3600.237 ms
sum = 6883200.0 in rank 210, wait time (overlap): 564.323 ms, actual reduce time (no overlap): 600.993 ms, total time: 3600.388 ms
sum = 6883200.0 in rank 164, wait time (overlap): 613.825 ms, actual reduce time (no overlap): 601.077 ms, total time: 3600.327 ms
sum = 6883200.0 in rank  38, wait time (overlap): 613.605 ms, actual reduce time (no overlap): 601.326 ms, total time: 3600.572 ms
sum = 6883200.0 in rank  30, wait time (overlap): 613.988 ms, actual reduce time (no overlap): 601.413 ms, total time: 3600.637 ms
sum = 6883200.0 in rank 212, wait time (overlap): 590.461 ms, actual reduce time (no overlap): 601.988 ms, total time: 3601.387 ms
sum = 6883200.0 in rank 158, wait time (overlap): 614.396 ms, actual reduce time (no overlap): 602.031 ms, total time: 3601.269 ms
sum = 6883200.0 in rank 156, wait time (overlap): 614.178 ms, actual reduce time (no overlap): 602.303 ms, total time: 3601.533 ms
sum = 6883200.0 in rank 166, wait time (overlap): 614.535 ms, actual reduce time (no overlap): 602.368 ms, total time: 3601.613 ms
sum = 6883200.0 in rank 214, wait time (overlap): 580.104 ms, actual reduce time (no overlap): 602.430 ms, total time: 3601.826 ms
sum = 6883200.0 in rank  84, wait time (overlap): 587.754 ms, actual reduce time (no overlap): 602.691 ms, total time: 3603.021 ms
sum = 6883200.0 in rank  83, wait time (overlap): 571.986 ms, actual reduce time (no overlap): 602.788 ms, total time: 3603.102 ms
sum = 6883200.0 in rank  86, wait time (overlap): 593.597 ms, actual reduce time (no overlap): 602.823 ms, total time: 3603.132 ms
sum = 6883200.0 in rank  37, wait time (overlap): 615.697 ms, actual reduce time (no overlap): 603.355 ms, total time: 3602.599 ms
sum = 6883200.0 in rank 211, wait time (overlap): 570.665 ms, actual reduce time (no overlap): 603.861 ms, total time: 3603.246 ms
sum = 6883200.0 in rank 165, wait time (overlap): 616.111 ms, actual reduce time (no overlap): 603.984 ms, total time: 3603.216 ms
sum = 6883200.0 in rank  39, wait time (overlap): 616.518 ms, actual reduce time (no overlap): 604.241 ms, total time: 3603.477 ms
sum = 6883200.0 in rank  31, wait time (overlap): 617.089 ms, actual reduce time (no overlap): 604.337 ms, total time: 3603.574 ms
sum = 6883200.0 in rank 213, wait time (overlap): 594.194 ms, actual reduce time (no overlap): 604.849 ms, total time: 3604.239 ms
sum = 6883200.0 in rank 157, wait time (overlap): 614.544 ms, actual reduce time (no overlap): 605.214 ms, total time: 3604.460 ms
sum = 6883200.0 in rank 215, wait time (overlap): 596.672 ms, actual reduce time (no overlap): 605.297 ms, total time: 3604.691 ms
sum = 6883200.0 in rank 167, wait time (overlap): 615.020 ms, actual reduce time (no overlap): 605.334 ms, total time: 3604.585 ms
sum = 6883200.0 in rank  85, wait time (overlap): 593.756 ms, actual reduce time (no overlap): 605.594 ms, total time: 3605.912 ms
sum = 6883200.0 in rank 159, wait time (overlap): 617.271 ms, actual reduce time (no overlap): 605.735 ms, total time: 3604.983 ms
sum = 6883200.0 in rank  87, wait time (overlap): 596.102 ms, actual reduce time (no overlap): 605.770 ms, total time: 3606.092 ms
sum = 6883200.0 in rank  88, wait time (overlap): 625.821 ms, actual reduce time (no overlap): 607.212 ms, total time: 3607.555 ms
sum = 6883200.0 in rank 216, wait time (overlap): 622.424 ms, actual reduce time (no overlap): 607.911 ms, total time: 3608.228 ms
sum = 6883200.0 in rank 226, wait time (overlap): 641.714 ms, actual reduce time (no overlap): 608.058 ms, total time: 3608.356 ms
sum = 6883200.0 in rank  89, wait time (overlap): 628.690 ms, actual reduce time (no overlap): 610.090 ms, total time: 3610.414 ms
sum = 6883200.0 in rank 227, wait time (overlap): 641.619 ms, actual reduce time (no overlap): 610.155 ms, total time: 3610.452 ms
sum = 6883200.0 in rank 217, wait time (overlap): 630.129 ms, actual reduce time (no overlap): 610.793 ms, total time: 3611.088 ms
sum = 6883200.0 in rank 178, wait time (overlap): 601.046 ms, actual reduce time (no overlap): 611.573 ms, total time: 3611.889 ms
sum = 6883200.0 in rank  50, wait time (overlap): 603.802 ms, actual reduce time (no overlap): 611.873 ms, total time: 3612.169 ms
sum = 6883200.0 in rank  28, wait time (overlap): 600.186 ms, actual reduce time (no overlap): 612.886 ms, total time: 3612.134 ms
sum = 6883200.0 in rank  62, wait time (overlap): 612.232 ms, actual reduce time (no overlap): 614.310 ms, total time: 3614.631 ms
sum = 6883200.0 in rank  60, wait time (overlap): 610.883 ms, actual reduce time (no overlap): 614.434 ms, total time: 3614.734 ms
sum = 6883200.0 in rank 174, wait time (overlap): 612.818 ms, actual reduce time (no overlap): 614.404 ms, total time: 3614.729 ms
sum = 6883200.0 in rank 179, wait time (overlap): 604.184 ms, actual reduce time (no overlap): 614.432 ms, total time: 3614.762 ms
sum = 6883200.0 in rank  44, wait time (overlap): 614.579 ms, actual reduce time (no overlap): 614.482 ms, total time: 3613.716 ms
sum = 6883200.0 in rank  46, wait time (overlap): 601.179 ms, actual reduce time (no overlap): 614.456 ms, total time: 3613.694 ms
sum = 6883200.0 in rank 172, wait time (overlap): 613.630 ms, actual reduce time (no overlap): 614.690 ms, total time: 3615.027 ms
sum = 6883200.0 in rank 170, wait time (overlap): 551.039 ms, actual reduce time (no overlap): 614.737 ms, total time: 3615.088 ms
sum = 6883200.0 in rank  51, wait time (overlap): 604.545 ms, actual reduce time (no overlap): 614.815 ms, total time: 3615.106 ms
sum = 6883200.0 in rank  42, wait time (overlap): 550.865 ms, actual reduce time (no overlap): 614.954 ms, total time: 3614.213 ms
sum = 6883200.0 in rank  54, wait time (overlap): 613.263 ms, actual reduce time (no overlap): 615.160 ms, total time: 3615.474 ms
sum = 6883200.0 in rank  52, wait time (overlap): 614.771 ms, actual reduce time (no overlap): 615.579 ms, total time: 3615.878 ms
sum = 6883200.0 in rank  29, wait time (overlap): 616.717 ms, actual reduce time (no overlap): 615.732 ms, total time: 3614.973 ms
sum = 6883200.0 in rank  58, wait time (overlap):  18.269 ms, actual reduce time (no overlap): 616.160 ms, total time: 3616.473 ms
sum = 6883200.0 in rank 182, wait time (overlap): 616.043 ms, actual reduce time (no overlap): 616.500 ms, total time: 3616.835 ms
sum = 6883200.0 in rank 175, wait time (overlap): 615.747 ms, actual reduce time (no overlap): 617.301 ms, total time: 3617.622 ms
sum = 6883200.0 in rank  63, wait time (overlap): 616.676 ms, actual reduce time (no overlap): 617.423 ms, total time: 3617.743 ms
sum = 6883200.0 in rank  47, wait time (overlap): 617.728 ms, actual reduce time (no overlap): 617.447 ms, total time: 3616.666 ms
sum = 6883200.0 in rank 186, wait time (overlap): 583.400 ms, actual reduce time (no overlap): 617.414 ms, total time: 3617.729 ms
sum = 6883200.0 in rank  61, wait time (overlap): 612.489 ms, actual reduce time (no overlap): 617.461 ms, total time: 3617.768 ms
sum = 6883200.0 in rank 188, wait time (overlap): 616.048 ms, actual reduce time (no overlap): 617.413 ms, total time: 3617.737 ms
sum = 6883200.0 in rank  45, wait time (overlap): 617.330 ms, actual reduce time (no overlap): 617.484 ms, total time: 3616.716 ms
sum = 6883200.0 in rank 180, wait time (overlap): 614.311 ms, actual reduce time (no overlap): 617.453 ms, total time: 3617.763 ms
sum = 6883200.0 in rank 173, wait time (overlap): 615.953 ms, actual reduce time (no overlap): 617.668 ms, total time: 3617.995 ms
sum = 6883200.0 in rank 171, wait time (overlap): 554.353 ms, actual reduce time (no overlap): 617.719 ms, total time: 3618.047 ms
sum = 6883200.0 in rank 190, wait time (overlap): 616.369 ms, actual reduce time (no overlap): 617.756 ms, total time: 3618.063 ms
sum = 6883200.0 in rank  43, wait time (overlap): 554.643 ms, actual reduce time (no overlap): 617.829 ms, total time: 3617.049 ms
sum = 6883200.0 in rank  55, wait time (overlap): 617.523 ms, actual reduce time (no overlap): 618.096 ms, total time: 3618.386 ms
sum = 6883200.0 in rank 236, wait time (overlap): 649.007 ms, actual reduce time (no overlap): 618.315 ms, total time: 3618.606 ms
sum = 6883200.0 in rank  53, wait time (overlap): 618.143 ms, actual reduce time (no overlap): 618.520 ms, total time: 3618.824 ms
sum = 6883200.0 in rank  59, wait time (overlap): 653.477 ms, actual reduce time (no overlap): 619.056 ms, total time: 3619.349 ms
sum = 6883200.0 in rank 183, wait time (overlap): 618.981 ms, actual reduce time (no overlap): 619.425 ms, total time: 3619.757 ms
sum = 6883200.0 in rank 100, wait time (overlap): 656.692 ms, actual reduce time (no overlap): 620.581 ms, total time: 3619.944 ms
sum = 6883200.0 in rank 189, wait time (overlap): 606.239 ms, actual reduce time (no overlap): 620.746 ms, total time: 3621.079 ms
sum = 6883200.0 in rank 181, wait time (overlap): 605.863 ms, actual reduce time (no overlap): 620.791 ms, total time: 3621.119 ms
sum = 6883200.0 in rank 187, wait time (overlap): 590.113 ms, actual reduce time (no overlap): 620.793 ms, total time: 3621.106 ms
sum = 6883200.0 in rank 191, wait time (overlap): 619.769 ms, actual reduce time (no overlap): 620.882 ms, total time: 3621.200 ms
sum = 6883200.0 in rank 102, wait time (overlap): 656.175 ms, actual reduce time (no overlap): 621.892 ms, total time: 3621.287 ms
sum = 6883200.0 in rank 101, wait time (overlap): 659.141 ms, actual reduce time (no overlap): 623.451 ms, total time: 3622.829 ms
sum = 6883200.0 in rank  92, wait time (overlap): 648.819 ms, actual reduce time (no overlap): 623.421 ms, total time: 3623.740 ms
sum = 6883200.0 in rank  94, wait time (overlap): 648.918 ms, actual reduce time (no overlap): 623.630 ms, total time: 3623.974 ms
sum = 6883200.0 in rank  90, wait time (overlap): 572.824 ms, actual reduce time (no overlap): 624.440 ms, total time: 3624.764 ms
sum = 6883200.0 in rank 103, wait time (overlap): 659.472 ms, actual reduce time (no overlap): 624.743 ms, total time: 3624.120 ms
sum = 6883200.0 in rank 220, wait time (overlap): 652.548 ms, actual reduce time (no overlap): 625.443 ms, total time: 3625.731 ms
sum = 6883200.0 in rank 222, wait time (overlap): 651.143 ms, actual reduce time (no overlap): 625.493 ms, total time: 3625.775 ms
sum = 6883200.0 in rank 218, wait time (overlap): 572.303 ms, actual reduce time (no overlap): 626.106 ms, total time: 3626.412 ms
sum = 6883200.0 in rank  93, wait time (overlap): 648.970 ms, actual reduce time (no overlap): 626.317 ms, total time: 3626.637 ms
sum = 6883200.0 in rank  95, wait time (overlap): 651.294 ms, actual reduce time (no overlap): 626.531 ms, total time: 3626.843 ms
sum = 6883200.0 in rank  91, wait time (overlap): 574.650 ms, actual reduce time (no overlap): 627.331 ms, total time: 3627.654 ms
sum = 6883200.0 in rank 221, wait time (overlap): 655.424 ms, actual reduce time (no overlap): 628.486 ms, total time: 3628.786 ms
sum = 6883200.0 in rank 223, wait time (overlap): 652.863 ms, actual reduce time (no overlap): 628.480 ms, total time: 3628.800 ms
sum = 6883200.0 in rank 219, wait time (overlap): 576.679 ms, actual reduce time (no overlap): 628.990 ms, total time: 3629.298 ms
sum = 6883200.0 in rank 120, wait time (overlap): 656.638 ms, actual reduce time (no overlap): 633.744 ms, total time: 3634.088 ms
sum = 6883200.0 in rank 233, wait time (overlap): 632.282 ms, actual reduce time (no overlap): 636.131 ms, total time: 3636.441 ms
sum = 6883200.0 in rank 121, wait time (overlap): 660.529 ms, actual reduce time (no overlap): 636.616 ms, total time: 3636.929 ms
sum = 6883200.0 in rank 230, wait time (overlap): 650.278 ms, actual reduce time (no overlap): 639.413 ms, total time: 3639.722 ms
sum = 6883200.0 in rank 231, wait time (overlap): 650.288 ms, actual reduce time (no overlap): 639.448 ms, total time: 3639.729 ms
sum = 6883200.0 in rank 235, wait time (overlap): 650.314 ms, actual reduce time (no overlap): 639.614 ms, total time: 3639.893 ms
sum = 6883200.0 in rank 237, wait time (overlap): 600.102 ms, actual reduce time (no overlap): 639.756 ms, total time: 3640.044 ms
sum = 6883200.0 in rank 234, wait time (overlap): 649.872 ms, actual reduce time (no overlap): 639.916 ms, total time: 3640.201 ms
sum = 6883200.0 in rank 229, wait time (overlap): 534.386 ms, actual reduce time (no overlap): 639.958 ms, total time: 3640.250 ms
sum = 6883200.0 in rank 238, wait time (overlap): 649.961 ms, actual reduce time (no overlap): 640.016 ms, total time: 3640.319 ms
sum = 6883200.0 in rank 239, wait time (overlap): 651.057 ms, actual reduce time (no overlap): 640.020 ms, total time: 3640.299 ms
sum = 6883200.0 in rank 106, wait time (overlap): 543.148 ms, actual reduce time (no overlap): 645.735 ms, total time: 3645.115 ms
sum = 6883200.0 in rank 126, wait time (overlap): 657.806 ms, actual reduce time (no overlap): 646.413 ms, total time: 3646.724 ms
sum = 6883200.0 in rank 114, wait time (overlap): 639.812 ms, actual reduce time (no overlap): 646.444 ms, total time: 3645.806 ms
sum = 6883200.0 in rank 122, wait time (overlap): 615.960 ms, actual reduce time (no overlap): 646.523 ms, total time: 3646.858 ms
sum = 6883200.0 in rank 124, wait time (overlap): 658.116 ms, actual reduce time (no overlap): 646.868 ms, total time: 3647.173 ms
sum = 6883200.0 in rank 116, wait time (overlap): 661.760 ms, actual reduce time (no overlap): 648.495 ms, total time: 3647.875 ms
sum = 6883200.0 in rank 107, wait time (overlap): 532.768 ms, actual reduce time (no overlap): 648.603 ms, total time: 3647.971 ms
sum = 6883200.0 in rank 108, wait time (overlap): 660.289 ms, actual reduce time (no overlap): 648.652 ms, total time: 3648.024 ms
sum = 6883200.0 in rank 118, wait time (overlap): 662.232 ms, actual reduce time (no overlap): 648.657 ms, total time: 3648.014 ms
sum = 6883200.0 in rank 110, wait time (overlap): 660.993 ms, actual reduce time (no overlap): 648.675 ms, total time: 3648.061 ms
sum = 6883200.0 in rank 127, wait time (overlap): 661.434 ms, actual reduce time (no overlap): 649.278 ms, total time: 3649.592 ms
sum = 6883200.0 in rank 115, wait time (overlap): 655.684 ms, actual reduce time (no overlap): 649.419 ms, total time: 3648.786 ms
sum = 6883200.0 in rank 123, wait time (overlap): 617.509 ms, actual reduce time (no overlap): 649.436 ms, total time: 3649.781 ms
sum = 6883200.0 in rank 125, wait time (overlap): 660.515 ms, actual reduce time (no overlap): 649.714 ms, total time: 3650.026 ms
sum = 6883200.0 in rank 117, wait time (overlap): 664.021 ms, actual reduce time (no overlap): 651.409 ms, total time: 3650.775 ms
sum = 6883200.0 in rank 109, wait time (overlap): 664.560 ms, actual reduce time (no overlap): 651.834 ms, total time: 3651.216 ms
sum = 6883200.0 in rank 111, wait time (overlap): 664.982 ms, actual reduce time (no overlap): 651.968 ms, total time: 3651.325 ms
sum = 6883200.0 in rank 119, wait time (overlap): 665.119 ms, actual reduce time (no overlap): 651.973 ms, total time: 3651.360 ms
