rand_val = 0.000, time taken: 2000.078 ms
x[n/2] = 0.0 in rank  32, wait time (overlap):  61.950 ms, ref Bcast time (no overlap): 111.693 ms, total time: 8460.620 ms
x[n/2] = 0.0 in rank  16, wait time (overlap):  95.025 ms, ref Bcast time (no overlap): 139.155 ms, total time: 8488.253 ms
x[n/2] = 0.0 in rank   0, wait time (overlap):  78.899 ms, ref Bcast time (no overlap): 162.411 ms, total time: 8511.493 ms
x[n/2] = 0.0 in rank  17, wait time (overlap): 213.366 ms, ref Bcast time (no overlap): 224.743 ms, total time: 8573.437 ms
x[n/2] = 0.0 in rank  20, wait time (overlap): 210.541 ms, ref Bcast time (no overlap): 233.131 ms, total time: 8582.168 ms
x[n/2] = 0.0 in rank  18, wait time (overlap): 219.050 ms, ref Bcast time (no overlap): 242.143 ms, total time: 8591.241 ms
x[n/2] = 0.0 in rank  19, wait time (overlap): 304.911 ms, ref Bcast time (no overlap): 313.650 ms, total time: 8662.641 ms
x[n/2] = 0.0 in rank  21, wait time (overlap): 303.573 ms, ref Bcast time (no overlap): 317.346 ms, total time: 8666.319 ms
x[n/2] = 0.0 in rank  22, wait time (overlap): 294.414 ms, ref Bcast time (no overlap): 321.273 ms, total time: 8670.243 ms
x[n/2] = 0.0 in rank  24, wait time (overlap): 264.010 ms, ref Bcast time (no overlap): 361.016 ms, total time: 8709.881 ms
x[n/2] = 0.0 in rank  23, wait time (overlap): 379.442 ms, ref Bcast time (no overlap): 391.220 ms, total time: 8736.623 ms
x[n/2] = 0.0 in rank  40, wait time (overlap): 355.351 ms, ref Bcast time (no overlap): 482.858 ms, total time: 8831.785 ms
x[n/2] = 0.0 in rank   8, wait time (overlap): 363.000 ms, ref Bcast time (no overlap): 490.650 ms, total time: 8839.692 ms
x[n/2] = 0.0 in rank  36, wait time (overlap): 463.652 ms, ref Bcast time (no overlap): 552.938 ms, total time: 8901.856 ms
x[n/2] = 0.0 in rank   4, wait time (overlap): 471.769 ms, ref Bcast time (no overlap): 560.787 ms, total time: 8909.756 ms
x[n/2] = 0.0 in rank  33, wait time (overlap): 550.051 ms, ref Bcast time (no overlap): 567.660 ms, total time: 8916.476 ms
x[n/2] = 0.0 in rank   1, wait time (overlap): 557.876 ms, ref Bcast time (no overlap): 575.480 ms, total time: 8924.483 ms
x[n/2] = 0.0 in rank  34, wait time (overlap): 607.875 ms, ref Bcast time (no overlap): 604.794 ms, total time: 8953.721 ms
x[n/2] = 0.0 in rank   2, wait time (overlap): 615.619 ms, ref Bcast time (no overlap): 612.660 ms, total time: 8961.625 ms
x[n/2] = 0.0 in rank  25, wait time (overlap): 797.623 ms, ref Bcast time (no overlap): 819.179 ms, total time: 9168.019 ms
x[n/2] = 0.0 in rank  28, wait time (overlap): 790.069 ms, ref Bcast time (no overlap): 836.264 ms, total time: 9185.128 ms
x[n/2] = 0.0 in rank  35, wait time (overlap): 822.409 ms, ref Bcast time (no overlap): 840.079 ms, total time: 9188.918 ms
x[n/2] = 0.0 in rank  41, wait time (overlap): 816.593 ms, ref Bcast time (no overlap): 842.933 ms, total time: 9191.728 ms
x[n/2] = 0.0 in rank  37, wait time (overlap): 820.224 ms, ref Bcast time (no overlap): 845.916 ms, total time: 9194.862 ms
x[n/2] = 0.0 in rank   3, wait time (overlap): 830.295 ms, ref Bcast time (no overlap): 847.886 ms, total time: 9196.868 ms
x[n/2] = 0.0 in rank  26, wait time (overlap): 813.518 ms, ref Bcast time (no overlap): 849.662 ms, total time: 9198.578 ms
x[n/2] = 0.0 in rank   9, wait time (overlap): 824.118 ms, ref Bcast time (no overlap): 850.695 ms, total time: 9199.744 ms
x[n/2] = 0.0 in rank  44, wait time (overlap): 811.476 ms, ref Bcast time (no overlap): 853.225 ms, total time: 9202.091 ms
x[n/2] = 0.0 in rank   5, wait time (overlap): 827.978 ms, ref Bcast time (no overlap): 853.715 ms, total time: 9202.840 ms
x[n/2] = 0.0 in rank  42, wait time (overlap): 824.969 ms, ref Bcast time (no overlap): 859.014 ms, total time: 9207.942 ms
x[n/2] = 0.0 in rank  12, wait time (overlap): 818.868 ms, ref Bcast time (no overlap): 860.987 ms, total time: 9210.054 ms
x[n/2] = 0.0 in rank  38, wait time (overlap): 823.493 ms, ref Bcast time (no overlap): 861.482 ms, total time: 9210.372 ms
x[n/2] = 0.0 in rank  10, wait time (overlap): 833.098 ms, ref Bcast time (no overlap): 866.826 ms, total time: 9215.874 ms
x[n/2] = 0.0 in rank   6, wait time (overlap): 831.422 ms, ref Bcast time (no overlap): 869.244 ms, total time: 9218.274 ms
x[n/2] = 0.0 in rank  27, wait time (overlap): 870.241 ms, ref Bcast time (no overlap): 899.192 ms, total time: 9247.983 ms
x[n/2] = 0.0 in rank  29, wait time (overlap): 872.411 ms, ref Bcast time (no overlap): 900.139 ms, total time: 9249.098 ms
x[n/2] = 0.0 in rank  30, wait time (overlap): 866.980 ms, ref Bcast time (no overlap): 901.577 ms, total time: 9250.449 ms
x[n/2] = 0.0 in rank  39, wait time (overlap): 875.593 ms, ref Bcast time (no overlap): 902.884 ms, total time: 9251.830 ms
x[n/2] = 0.0 in rank  43, wait time (overlap): 876.197 ms, ref Bcast time (no overlap): 903.584 ms, total time: 9252.455 ms
x[n/2] = 0.0 in rank  45, wait time (overlap): 875.972 ms, ref Bcast time (no overlap): 904.184 ms, total time: 9252.928 ms
x[n/2] = 0.0 in rank  46, wait time (overlap): 872.759 ms, ref Bcast time (no overlap): 904.309 ms, total time: 9253.197 ms
x[n/2] = 0.0 in rank  31, wait time (overlap): 883.379 ms, ref Bcast time (no overlap): 910.186 ms, total time: 9259.060 ms
x[n/2] = 0.0 in rank   7, wait time (overlap): 883.420 ms, ref Bcast time (no overlap): 910.726 ms, total time: 9259.738 ms
x[n/2] = 0.0 in rank  47, wait time (overlap): 884.023 ms, ref Bcast time (no overlap): 910.820 ms, total time: 9259.767 ms
x[n/2] = 0.0 in rank  11, wait time (overlap): 889.409 ms, ref Bcast time (no overlap): 914.717 ms, total time: 9263.711 ms
x[n/2] = 0.0 in rank  13, wait time (overlap): 887.620 ms, ref Bcast time (no overlap): 915.701 ms, total time: 9264.389 ms
x[n/2] = 0.0 in rank  14, wait time (overlap): 882.673 ms, ref Bcast time (no overlap): 917.130 ms, total time: 9266.097 ms
x[n/2] = 0.0 in rank  15, wait time (overlap): 899.052 ms, ref Bcast time (no overlap): 925.778 ms, total time: 9274.689 ms
